11:04:05.380|I|| --------- Sistema Inicializando --------- 
11:04:05.380QIODevice::write (QSerialPort): device not open
11:04:05.380|E||Porta serial ttyUSB0 indisponivel para uso
11:04:05.380|W||WARNING: configuration SYSTEM/USE_RESTART not found
11:04:05.416libpng warning: iCCP: known incorrect sRGB profile
11:04:05.527|W|SISTEMA|WARNING: configuration SYSTEM/LANGUAGE not found
11:04:05.537libpng warning: iCCP: known incorrect sRGB profile
11:04:14.592void FormLogin::on_btn_login_clicked() 137 false
11:04:16.140|E|2|Erro ao inicializar cameras: Lista de cameras vazia
11:06:33.186|I|2| --------- Sistema Desligando --------- 
11:09:54.804|I|| --------- Sistema Inicializando --------- 
11:09:54.805QIODevice::write (QSerialPort): device not open
11:09:54.805|E||Porta serial ttyUSB0 indisponivel para uso
11:09:54.805|W||WARNING: configuration SYSTEM/USE_RESTART not found
11:09:54.820libpng warning: iCCP: known incorrect sRGB profile
11:09:54.901|W|SISTEMA|WARNING: configuration SYSTEM/LANGUAGE not found
11:09:54.912libpng warning: iCCP: known incorrect sRGB profile
11:10:04.386void FormLogin::on_btn_login_clicked() 137 false
11:10:08.127|E|2|Erro ao inicializar cameras: Lista de cameras vazia
11:10:54.790|I|2| --------- Sistema Desligando --------- 
11:12:43.643|I|| --------- Sistema Inicializando --------- 
11:12:43.644QIODevice::write (QSerialPort): device not open
11:12:43.644|E||Porta serial ttyUSB0 indisponivel para uso
11:12:43.644|W||WARNING: configuration SYSTEM/USE_RESTART not found
11:12:43.651libpng warning: iCCP: known incorrect sRGB profile
11:12:43.741|W|SISTEMA|WARNING: configuration SYSTEM/LANGUAGE not found
11:12:43.750libpng warning: iCCP: known incorrect sRGB profile
11:12:55.200void FormLogin::on_btn_login_clicked() 137 false
11:12:56.604|E|2|Erro ao inicializar cameras: Lista de cameras vazia
11:13:43.066|I|2| --------- Sistema Desligando --------- 
11:22:21.203|I|| --------- Sistema Inicializando --------- 
11:22:21.204QIODevice::write (QSerialPort): device not open
11:22:21.204|E||Porta serial ttyUSB0 indisponivel para uso
11:22:21.204|W||WARNING: configuration SYSTEM/USE_RESTART not found
11:22:21.212libpng warning: iCCP: known incorrect sRGB profile
11:22:21.292|W|SISTEMA|WARNING: configuration SYSTEM/LANGUAGE not found
11:22:21.305libpng warning: iCCP: known incorrect sRGB profile
11:22:31.084void FormLogin::on_btn_login_clicked() 137 false
11:22:35.554|E|2|Erro ao inicializar cameras: Lista de cameras vazia
11:33:48.505|I|2| --------- Sistema Desligando --------- 
12:24:20.485|I|| --------- Sistema Inicializando --------- 
12:24:20.486QIODevice::write (QSerialPort): device not open
12:24:20.486|E||Porta serial ttyUSB0 indisponivel para uso
12:24:20.486|W||WARNING: configuration SYSTEM/USE_RESTART not found
12:24:20.492libpng warning: iCCP: known incorrect sRGB profile
12:24:20.576|W|SISTEMA|WARNING: configuration SYSTEM/LANGUAGE not found
12:24:20.590libpng warning: iCCP: known incorrect sRGB profile
12:24:22.528|I|SISTEMA| --------- Sistema Desligando --------- 
21:02:47.364|I|| --------- Sistema Inicializando --------- 
21:02:47.364QIODevice::write (QSerialPort): device not open
21:02:47.364|E||Porta serial ttyUSB0 indisponivel para uso
21:02:47.365|W||WARNING: configuration SYSTEM/USE_RESTART not found
21:02:47.389libpng warning: iCCP: known incorrect sRGB profile
21:02:47.506|W|SISTEMA|WARNING: configuration SYSTEM/LANGUAGE not found
21:02:47.519libpng warning: iCCP: known incorrect sRGB profile
21:02:57.501void FormLogin::on_btn_login_clicked() 137 false
21:02:59.633|E|2|Erro ao inicializar cameras: Lista de cameras vazia
21:04:29.375|I|2| --------- Sistema Desligando --------- 
21:05:14.813|I|| --------- Sistema Inicializando --------- 
21:05:14.813QIODevice::write (QSerialPort): device not open
21:05:14.813|E||Porta serial ttyUSB0 indisponivel para uso
21:05:14.813|W||WARNING: configuration SYSTEM/USE_RESTART not found
21:05:14.821libpng warning: iCCP: known incorrect sRGB profile
21:05:14.915|W|SISTEMA|WARNING: configuration SYSTEM/LANGUAGE not found
21:05:14.926libpng warning: iCCP: known incorrect sRGB profile
21:05:27.252void FormLogin::on_btn_login_clicked() 137 false
21:05:29.237|E|2|Erro ao inicializar cameras: Lista de cameras vazia
21:09:19.977|I|2| --------- Sistema Desligando --------- 
21:25:24.174|I|| --------- Sistema Inicializando --------- 
21:25:24.174QIODevice::write (QSerialPort): device not open
21:25:24.174|E||Porta serial ttyUSB0 indisponivel para uso
21:25:24.174|W||WARNING: configuration SYSTEM/USE_RESTART not found
21:25:24.180libpng warning: iCCP: known incorrect sRGB profile
21:25:24.272|W|SISTEMA|WARNING: configuration SYSTEM/LANGUAGE not found
21:25:24.285libpng warning: iCCP: known incorrect sRGB profile
21:25:36.379void FormLogin::on_btn_login_clicked() 137 false
21:25:39.818|E|2|Erro ao inicializar cameras: Lista de cameras vazia
21:25:40.062QIODevice::write (QSerialPort): device not open
21:25:40.587QIODevice::write (QSerialPort): device not open
21:25:41.112QIODevice::write (QSerialPort): device not open
21:25:41.467|W|2|WARNING: configuration DISK/ROTATE_ANG not found
21:25:41.637QIODevice::write (QSerialPort): device not open
21:25:41.667|W|2|WARNING: configuration DISK/ROTATE_ANG not found
21:25:41.900|W|2|WARNING: configuration DISK/ROTATE_ANG not found
21:25:42.162QIODevice::write (QSerialPort): device not open
21:25:42.687QIODevice::write (QSerialPort): device not open
21:25:43.212QIODevice::write (QSerialPort): device not open
21:25:43.737QIODevice::write (QSerialPort): device not open
21:25:44.249QIODevice::write (QSerialPort): device not open
21:25:44.749QIODevice::write (QSerialPort): device not open
21:25:45.249QIODevice::write (QSerialPort): device not open
21:25:45.749QIODevice::write (QSerialPort): device not open
21:25:46.249QIODevice::write (QSerialPort): device not open
21:25:46.749QIODevice::write (QSerialPort): device not open
21:25:47.249QIODevice::write (QSerialPort): device not open
21:25:47.749QIODevice::write (QSerialPort): device not open
21:25:48.249QIODevice::write (QSerialPort): device not open
21:25:48.750QIODevice::write (QSerialPort): device not open
21:25:49.250QIODevice::write (QSerialPort): device not open
21:25:49.750QIODevice::write (QSerialPort): device not open
21:25:50.249QIODevice::write (QSerialPort): device not open
21:25:50.749QIODevice::write (QSerialPort): device not open
21:25:51.249QIODevice::write (QSerialPort): device not open
21:25:51.750QIODevice::write (QSerialPort): device not open
21:25:52.249QIODevice::write (QSerialPort): device not open
21:25:52.749QIODevice::write (QSerialPort): device not open
21:25:53.249QIODevice::write (QSerialPort): device not open
21:25:53.750QIODevice::write (QSerialPort): device not open
21:25:54.250QIODevice::write (QSerialPort): device not open
21:25:54.750QIODevice::write (QSerialPort): device not open
21:25:55.249QIODevice::write (QSerialPort): device not open
21:25:55.749QIODevice::write (QSerialPort): device not open
21:25:56.249QIODevice::write (QSerialPort): device not open
21:25:56.749QIODevice::write (QSerialPort): device not open
21:25:57.249QIODevice::write (QSerialPort): device not open
21:25:57.388|I|2| --------- Sistema Desligando --------- 
21:26:23.177|I|| --------- Sistema Inicializando --------- 
21:26:23.177QIODevice::write (QSerialPort): device not open
21:26:23.177|E||Porta serial ttyUSB0 indisponivel para uso
21:26:23.177|W||WARNING: configuration SYSTEM/USE_RESTART not found
21:26:23.186libpng warning: iCCP: known incorrect sRGB profile
21:26:23.288|W|SISTEMA|WARNING: configuration SYSTEM/LANGUAGE not found
21:26:23.300libpng warning: iCCP: known incorrect sRGB profile
21:26:34.099void FormLogin::on_btn_login_clicked() 137 false
21:26:37.148|E|2|Erro ao inicializar cameras: Lista de cameras vazia
21:26:37.359QIODevice::write (QSerialPort): device not open
21:26:37.834QIODevice::write (QSerialPort): device not open
21:26:38.309QIODevice::write (QSerialPort): device not open
21:26:38.707|W|2|WARNING: configuration DISK/ROTATE_ANG not found
21:26:38.785QIODevice::write (QSerialPort): device not open
21:26:39.067|W|2|WARNING: configuration DISK/ROTATE_ANG not found
21:26:39.359QIODevice::write (QSerialPort): device not open
21:26:39.368|W|2|WARNING: configuration DISK/ROTATE_ANG not found
21:26:39.750QIODevice::write (QSerialPort): device not open
21:26:40.251QIODevice::write (QSerialPort): device not open
21:26:40.749QIODevice::write (QSerialPort): device not open
21:26:41.249QIODevice::write (QSerialPort): device not open
21:26:41.751QIODevice::write (QSerialPort): device not open
21:26:42.251QIODevice::write (QSerialPort): device not open
21:26:42.750QIODevice::write (QSerialPort): device not open
21:26:43.250QIODevice::write (QSerialPort): device not open
21:26:43.750QIODevice::write (QSerialPort): device not open
21:26:44.250QIODevice::write (QSerialPort): device not open
21:26:44.750QIODevice::write (QSerialPort): device not open
21:26:45.250QIODevice::write (QSerialPort): device not open
21:26:45.750QIODevice::write (QSerialPort): device not open
21:26:46.250QIODevice::write (QSerialPort): device not open
21:26:46.750QIODevice::write (QSerialPort): device not open
21:26:47.250QIODevice::write (QSerialPort): device not open
21:26:47.750QIODevice::write (QSerialPort): device not open
21:26:48.011|E|2|ERRO FATAL: Registration Key Expired
 %2
21:26:48.250QIODevice::write (QSerialPort): device not open
21:26:48.751QIODevice::write (QSerialPort): device not open
21:26:49.250QIODevice::write (QSerialPort): device not open
21:26:49.750QIODevice::write (QSerialPort): device not open
21:26:50.250QIODevice::write (QSerialPort): device not open
21:26:50.751QIODevice::write (QSerialPort): device not open
21:26:51.250QIODevice::write (QSerialPort): device not open
21:26:51.749QIODevice::write (QSerialPort): device not open
21:26:52.276QIODevice::write (QSerialPort): device not open
21:26:52.750QIODevice::write (QSerialPort): device not open
21:26:53.250QIODevice::write (QSerialPort): device not open
21:26:53.750QIODevice::write (QSerialPort): device not open
21:26:54.251QIODevice::write (QSerialPort): device not open
21:26:54.751QIODevice::write (QSerialPort): device not open
21:26:55.377QIODevice::write (QSerialPort): device not open
21:26:55.751QIODevice::write (QSerialPort): device not open
21:26:56.250QIODevice::write (QSerialPort): device not open
21:26:56.750QIODevice::write (QSerialPort): device not open
21:26:57.314QIODevice::write (QSerialPort): device not open
21:26:57.790QIODevice::write (QSerialPort): device not open
21:26:58.250QIODevice::write (QSerialPort): device not open
21:26:58.750QIODevice::write (QSerialPort): device not open
21:26:59.544QIODevice::write (QSerialPort): device not open
21:26:59.750QIODevice::write (QSerialPort): device not open
21:27:00.250QIODevice::write (QSerialPort): device not open
21:27:00.750QIODevice::write (QSerialPort): device not open
21:27:01.367QIODevice::write (QSerialPort): device not open
21:27:01.900QIODevice::write (QSerialPort): device not open
21:27:02.251QIODevice::write (QSerialPort): device not open
21:27:02.750QIODevice::write (QSerialPort): device not open
21:27:03.250QIODevice::write (QSerialPort): device not open
21:27:03.750QIODevice::write (QSerialPort): device not open
21:27:04.250QIODevice::write (QSerialPort): device not open
21:27:04.750QIODevice::write (QSerialPort): device not open
21:27:05.250QIODevice::write (QSerialPort): device not open
21:27:05.750QIODevice::write (QSerialPort): device not open
21:27:06.250QIODevice::write (QSerialPort): device not open
21:27:06.750QIODevice::write (QSerialPort): device not open
21:27:07.250QIODevice::write (QSerialPort): device not open
21:27:07.750QIODevice::write (QSerialPort): device not open
21:27:08.250QIODevice::write (QSerialPort): device not open
21:27:08.770QIODevice::write (QSerialPort): device not open
21:27:09.356QIODevice::write (QSerialPort): device not open
21:27:09.753QIODevice::write (QSerialPort): device not open
21:27:10.249QIODevice::write (QSerialPort): device not open
21:27:10.750QIODevice::write (QSerialPort): device not open
21:27:11.266QIODevice::write (QSerialPort): device not open
21:27:11.779QIODevice::write (QSerialPort): device not open
21:27:12.250QIODevice::write (QSerialPort): device not open
21:27:12.750QIODevice::write (QSerialPort): device not open
21:27:13.250QIODevice::write (QSerialPort): device not open
21:27:13.750QIODevice::write (QSerialPort): device not open
21:27:14.251QIODevice::write (QSerialPort): device not open
21:27:14.750QIODevice::write (QSerialPort): device not open
21:27:15.251QIODevice::write (QSerialPort): device not open
21:27:15.264|I|2| --------- Sistema Desligando --------- 
21:28:57.706|I|| --------- Sistema Inicializando --------- 
21:28:57.707QIODevice::write (QSerialPort): device not open
21:28:57.707|E||Porta serial ttyUSB0 indisponivel para uso
21:28:57.707|W||WARNING: configuration SYSTEM/USE_RESTART not found
21:28:57.713libpng warning: iCCP: known incorrect sRGB profile
21:28:57.802|W|SISTEMA|WARNING: configuration SYSTEM/LANGUAGE not found
21:28:57.813libpng warning: iCCP: known incorrect sRGB profile
21:29:07.914void FormLogin::on_btn_login_clicked() 137 false
21:29:11.736|E|2|Erro ao inicializar cameras: Lista de cameras vazia
21:29:11.942QIODevice::write (QSerialPort): device not open
21:29:12.417QIODevice::write (QSerialPort): device not open
21:29:12.892QIODevice::write (QSerialPort): device not open
21:29:13.346|W|2|WARNING: configuration DISK/ROTATE_ANG not found
21:29:13.367QIODevice::write (QSerialPort): device not open
21:29:13.690|W|2|WARNING: configuration DISK/ROTATE_ANG not found
21:29:13.908QIODevice::write (QSerialPort): device not open
21:29:14.318QIODevice::write (QSerialPort): device not open
21:29:14.792QIODevice::write (QSerialPort): device not open
21:29:15.267QIODevice::write (QSerialPort): device not open
21:29:15.750QIODevice::write (QSerialPort): device not open
21:29:16.250QIODevice::write (QSerialPort): device not open
21:29:16.750QIODevice::write (QSerialPort): device not open
21:29:17.250QIODevice::write (QSerialPort): device not open
21:29:17.749QIODevice::write (QSerialPort): device not open
21:29:18.250QIODevice::write (QSerialPort): device not open
21:29:18.750QIODevice::write (QSerialPort): device not open
21:29:19.250QIODevice::write (QSerialPort): device not open
21:29:19.750QIODevice::write (QSerialPort): device not open
21:29:20.250QIODevice::write (QSerialPort): device not open
21:29:20.750QIODevice::write (QSerialPort): device not open
21:29:21.250QIODevice::write (QSerialPort): device not open
21:29:21.750QIODevice::write (QSerialPort): device not open
21:29:22.250QIODevice::write (QSerialPort): device not open
21:29:22.750QIODevice::write (QSerialPort): device not open
21:29:23.250QIODevice::write (QSerialPort): device not open
21:29:23.724|E|2|ERRO FATAL: Registration Key Expired
 %2
21:29:23.749QIODevice::write (QSerialPort): device not open
21:29:24.250QIODevice::write (QSerialPort): device not open
21:29:24.750QIODevice::write (QSerialPort): device not open
21:29:25.250QIODevice::write (QSerialPort): device not open
21:29:25.750QIODevice::write (QSerialPort): device not open
21:29:26.250QIODevice::write (QSerialPort): device not open
21:29:26.751QIODevice::write (QSerialPort): device not open
21:29:27.364QIODevice::write (QSerialPort): device not open
21:29:27.759QIODevice::write (QSerialPort): device not open
21:29:28.323QIODevice::write (QSerialPort): device not open
21:29:28.750QIODevice::write (QSerialPort): device not open
21:29:29.257QIODevice::write (QSerialPort): device not open
21:29:29.750QIODevice::write (QSerialPort): device not open
21:29:30.250QIODevice::write (QSerialPort): device not open
21:29:30.767QIODevice::write (QSerialPort): device not open
21:29:31.286QIODevice::write (QSerialPort): device not open
21:29:32.010QIODevice::write (QSerialPort): device not open
21:29:32.268QIODevice::write (QSerialPort): device not open
21:29:32.750QIODevice::write (QSerialPort): device not open
21:29:33.250QIODevice::write (QSerialPort): device not open
21:29:34.160QIODevice::write (QSerialPort): device not open
21:29:34.270QIODevice::write (QSerialPort): device not open
21:29:34.818QIODevice::write (QSerialPort): device not open
21:29:35.250QIODevice::write (QSerialPort): device not open
21:29:35.765QIODevice::write (QSerialPort): device not open
21:29:36.339QIODevice::write (QSerialPort): device not open
21:29:36.750QIODevice::write (QSerialPort): device not open
21:29:37.251QIODevice::write (QSerialPort): device not open
21:29:37.750QIODevice::write (QSerialPort): device not open
21:29:38.250QIODevice::write (QSerialPort): device not open
21:29:38.750QIODevice::write (QSerialPort): device not open
21:29:39.250QIODevice::write (QSerialPort): device not open
21:29:39.751QIODevice::write (QSerialPort): device not open
21:29:40.250QIODevice::write (QSerialPort): device not open
21:29:40.750QIODevice::write (QSerialPort): device not open
21:29:41.251QIODevice::write (QSerialPort): device not open
21:29:41.750QIODevice::write (QSerialPort): device not open
21:29:42.429QIODevice::write (QSerialPort): device not open
21:29:42.797QIODevice::write (QSerialPort): device not open
21:29:43.250QIODevice::write (QSerialPort): device not open
21:29:43.750QIODevice::write (QSerialPort): device not open
21:29:44.250QIODevice::write (QSerialPort): device not open
21:29:44.750QIODevice::write (QSerialPort): device not open
21:29:45.250QIODevice::write (QSerialPort): device not open
21:29:45.750QIODevice::write (QSerialPort): device not open
21:29:46.249QIODevice::write (QSerialPort): device not open
21:29:46.752QIODevice::write (QSerialPort): device not open
21:29:47.253QIODevice::write (QSerialPort): device not open
21:29:47.750QIODevice::write (QSerialPort): device not open
21:29:48.260QIODevice::write (QSerialPort): device not open
21:29:48.750QIODevice::write (QSerialPort): device not open
21:29:49.251QIODevice::write (QSerialPort): device not open
21:29:49.769QIODevice::write (QSerialPort): device not open
21:29:50.250QIODevice::write (QSerialPort): device not open
21:29:50.750QIODevice::write (QSerialPort): device not open
21:29:51.307QIODevice::write (QSerialPort): device not open
21:29:51.762QIODevice::write (QSerialPort): device not open
21:29:52.251QIODevice::write (QSerialPort): device not open
21:29:52.750QIODevice::write (QSerialPort): device not open
21:29:53.250QIODevice::write (QSerialPort): device not open
21:29:53.750QIODevice::write (QSerialPort): device not open
21:29:54.250QIODevice::write (QSerialPort): device not open
21:29:54.750QIODevice::write (QSerialPort): device not open
21:29:55.250QIODevice::write (QSerialPort): device not open
21:29:55.750QIODevice::write (QSerialPort): device not open
21:29:56.252QIODevice::write (QSerialPort): device not open
21:29:56.750QIODevice::write (QSerialPort): device not open
21:29:57.311QIODevice::write (QSerialPort): device not open
21:29:57.750QIODevice::write (QSerialPort): device not open
21:29:58.250QIODevice::write (QSerialPort): device not open
21:29:58.750QIODevice::write (QSerialPort): device not open
21:29:59.250QIODevice::write (QSerialPort): device not open
21:29:59.750QIODevice::write (QSerialPort): device not open
21:30:00.250QIODevice::write (QSerialPort): device not open
21:30:00.751QIODevice::write (QSerialPort): device not open
21:30:01.251QIODevice::write (QSerialPort): device not open
21:30:01.750QIODevice::write (QSerialPort): device not open
21:30:02.250QIODevice::write (QSerialPort): device not open
21:30:02.751QIODevice::write (QSerialPort): device not open
21:30:03.251QIODevice::write (QSerialPort): device not open
21:30:03.750QIODevice::write (QSerialPort): device not open
21:30:04.250QIODevice::write (QSerialPort): device not open
21:30:04.750QIODevice::write (QSerialPort): device not open
21:30:05.250QIODevice::write (QSerialPort): device not open
21:30:05.751QIODevice::write (QSerialPort): device not open
21:30:06.250QIODevice::write (QSerialPort): device not open
21:30:06.750QIODevice::write (QSerialPort): device not open
21:30:07.250QIODevice::write (QSerialPort): device not open
21:30:07.750QIODevice::write (QSerialPort): device not open
21:30:08.250QIODevice::write (QSerialPort): device not open
21:30:08.750QIODevice::write (QSerialPort): device not open
21:30:09.250QIODevice::write (QSerialPort): device not open
21:30:09.750QIODevice::write (QSerialPort): device not open
21:30:10.250QIODevice::write (QSerialPort): device not open
21:30:10.750QIODevice::write (QSerialPort): device not open
21:30:11.250QIODevice::write (QSerialPort): device not open
21:30:11.750QIODevice::write (QSerialPort): device not open
21:30:12.250QIODevice::write (QSerialPort): device not open
21:30:12.750QIODevice::write (QSerialPort): device not open
21:30:13.250QIODevice::write (QSerialPort): device not open
21:30:13.751QIODevice::write (QSerialPort): device not open
21:30:14.251QIODevice::write (QSerialPort): device not open
21:30:14.750QIODevice::write (QSerialPort): device not open
21:30:15.250QIODevice::write (QSerialPort): device not open
21:30:15.750QIODevice::write (QSerialPort): device not open
21:30:16.250QIODevice::write (QSerialPort): device not open
21:30:16.750QIODevice::write (QSerialPort): device not open
21:30:17.250QIODevice::write (QSerialPort): device not open
21:30:17.750QIODevice::write (QSerialPort): device not open
21:30:18.250QIODevice::write (QSerialPort): device not open
21:30:18.750QIODevice::write (QSerialPort): device not open
21:30:19.251QIODevice::write (QSerialPort): device not open
21:30:19.751QIODevice::write (QSerialPort): device not open
21:30:20.250QIODevice::write (QSerialPort): device not open
21:30:20.750QIODevice::write (QSerialPort): device not open
21:30:21.251QIODevice::write (QSerialPort): device not open
21:30:21.751QIODevice::write (QSerialPort): device not open
21:30:22.250QIODevice::write (QSerialPort): device not open
21:30:22.751QIODevice::write (QSerialPort): device not open
21:30:23.250QIODevice::write (QSerialPort): device not open
21:30:23.750QIODevice::write (QSerialPort): device not open
21:30:24.251QIODevice::write (QSerialPort): device not open
21:30:24.750QIODevice::write (QSerialPort): device not open
21:30:25.250QIODevice::write (QSerialPort): device not open
21:30:25.750QIODevice::write (QSerialPort): device not open
21:30:26.250QIODevice::write (QSerialPort): device not open
21:30:26.751QIODevice::write (QSerialPort): device not open
21:30:27.251QIODevice::write (QSerialPort): device not open
21:30:27.751QIODevice::write (QSerialPort): device not open
21:30:28.251QIODevice::write (QSerialPort): device not open
21:30:28.751QIODevice::write (QSerialPort): device not open
21:30:29.250QIODevice::write (QSerialPort): device not open
21:30:29.751QIODevice::write (QSerialPort): device not open
21:30:30.251QIODevice::write (QSerialPort): device not open
21:30:30.751QIODevice::write (QSerialPort): device not open
21:30:31.250QIODevice::write (QSerialPort): device not open
21:30:31.751QIODevice::write (QSerialPort): device not open
21:30:32.250QIODevice::write (QSerialPort): device not open
21:30:32.751QIODevice::write (QSerialPort): device not open
21:30:33.251QIODevice::write (QSerialPort): device not open
21:30:33.750QIODevice::write (QSerialPort): device not open
21:30:34.251QIODevice::write (QSerialPort): device not open
21:30:34.750QIODevice::write (QSerialPort): device not open
21:30:35.250QIODevice::write (QSerialPort): device not open
21:30:35.751QIODevice::write (QSerialPort): device not open
21:30:36.250QIODevice::write (QSerialPort): device not open
21:30:36.751QIODevice::write (QSerialPort): device not open
21:30:37.251QIODevice::write (QSerialPort): device not open
21:30:37.750QIODevice::write (QSerialPort): device not open
21:30:38.251QIODevice::write (QSerialPort): device not open
21:30:38.751QIODevice::write (QSerialPort): device not open
21:30:39.250QIODevice::write (QSerialPort): device not open
21:30:39.750QIODevice::write (QSerialPort): device not open
21:30:40.250QIODevice::write (QSerialPort): device not open
21:30:40.750QIODevice::write (QSerialPort): device not open
21:30:41.251QIODevice::write (QSerialPort): device not open
21:30:41.751QIODevice::write (QSerialPort): device not open
21:30:42.250QIODevice::write (QSerialPort): device not open
21:30:42.750QIODevice::write (QSerialPort): device not open
21:30:43.250QIODevice::write (QSerialPort): device not open
21:30:43.750QIODevice::write (QSerialPort): device not open
21:30:44.250QIODevice::write (QSerialPort): device not open
21:30:44.750QIODevice::write (QSerialPort): device not open
21:30:45.250QIODevice::write (QSerialPort): device not open
21:30:45.750QIODevice::write (QSerialPort): device not open
21:30:46.250QIODevice::write (QSerialPort): device not open
21:30:46.750QIODevice::write (QSerialPort): device not open
21:30:47.250QIODevice::write (QSerialPort): device not open
21:30:47.750QIODevice::write (QSerialPort): device not open
21:30:48.250QIODevice::write (QSerialPort): device not open
21:30:48.749QIODevice::write (QSerialPort): device not open
21:30:49.250QIODevice::write (QSerialPort): device not open
21:30:49.752QIODevice::write (QSerialPort): device not open
21:30:50.250QIODevice::write (QSerialPort): device not open
21:30:50.751QIODevice::write (QSerialPort): device not open
21:30:51.250QIODevice::write (QSerialPort): device not open
21:30:51.750QIODevice::write (QSerialPort): device not open
21:30:52.250QIODevice::write (QSerialPort): device not open
21:30:52.751QIODevice::write (QSerialPort): device not open
21:30:53.251QIODevice::write (QSerialPort): device not open
21:30:53.750QIODevice::write (QSerialPort): device not open
21:30:54.250QIODevice::write (QSerialPort): device not open
21:30:54.751QIODevice::write (QSerialPort): device not open
21:30:55.251QIODevice::write (QSerialPort): device not open
21:30:55.751QIODevice::write (QSerialPort): device not open
21:30:56.250QIODevice::write (QSerialPort): device not open
21:30:56.750QIODevice::write (QSerialPort): device not open
21:30:57.251QIODevice::write (QSerialPort): device not open
21:30:57.750QIODevice::write (QSerialPort): device not open
21:30:58.250QIODevice::write (QSerialPort): device not open
21:30:58.750QIODevice::write (QSerialPort): device not open
21:30:59.251QIODevice::write (QSerialPort): device not open
21:30:59.750QIODevice::write (QSerialPort): device not open
21:31:00.251QIODevice::write (QSerialPort): device not open
21:31:00.750QIODevice::write (QSerialPort): device not open
21:31:01.251QIODevice::write (QSerialPort): device not open
21:31:01.750QIODevice::write (QSerialPort): device not open
21:31:02.251QIODevice::write (QSerialPort): device not open
21:31:02.750QIODevice::write (QSerialPort): device not open
21:31:03.250QIODevice::write (QSerialPort): device not open
21:31:03.751QIODevice::write (QSerialPort): device not open
21:31:04.251QIODevice::write (QSerialPort): device not open
21:31:04.751QIODevice::write (QSerialPort): device not open
21:31:05.251QIODevice::write (QSerialPort): device not open
21:31:05.750QIODevice::write (QSerialPort): device not open
21:31:06.251QIODevice::write (QSerialPort): device not open
21:31:06.750QIODevice::write (QSerialPort): device not open
21:31:07.250QIODevice::write (QSerialPort): device not open
21:31:07.751QIODevice::write (QSerialPort): device not open
21:31:08.251QIODevice::write (QSerialPort): device not open
21:31:08.750QIODevice::write (QSerialPort): device not open
21:31:09.251QIODevice::write (QSerialPort): device not open
21:31:09.750QIODevice::write (QSerialPort): device not open
21:31:10.250QIODevice::write (QSerialPort): device not open
21:31:10.750QIODevice::write (QSerialPort): device not open
21:31:11.250QIODevice::write (QSerialPort): device not open
21:31:11.750QIODevice::write (QSerialPort): device not open
21:31:12.250QIODevice::write (QSerialPort): device not open
21:31:12.750QIODevice::write (QSerialPort): device not open
21:31:13.251QIODevice::write (QSerialPort): device not open
21:31:13.750QIODevice::write (QSerialPort): device not open
21:31:14.250QIODevice::write (QSerialPort): device not open
21:31:14.750QIODevice::write (QSerialPort): device not open
21:31:15.250QIODevice::write (QSerialPort): device not open
21:31:15.751QIODevice::write (QSerialPort): device not open
21:31:16.250QIODevice::write (QSerialPort): device not open
21:31:16.750QIODevice::write (QSerialPort): device not open
21:31:17.250QIODevice::write (QSerialPort): device not open
21:31:17.750QIODevice::write (QSerialPort): device not open
21:31:18.251QIODevice::write (QSerialPort): device not open
21:31:18.751QIODevice::write (QSerialPort): device not open
21:31:19.250QIODevice::write (QSerialPort): device not open
21:31:19.751QIODevice::write (QSerialPort): device not open
21:31:20.250QIODevice::write (QSerialPort): device not open
21:31:20.751QIODevice::write (QSerialPort): device not open
21:31:21.250QIODevice::write (QSerialPort): device not open
21:31:21.750QIODevice::write (QSerialPort): device not open
21:31:22.250QIODevice::write (QSerialPort): device not open
21:31:22.751QIODevice::write (QSerialPort): device not open
21:31:23.251QIODevice::write (QSerialPort): device not open
21:31:23.750QIODevice::write (QSerialPort): device not open
21:31:24.250QIODevice::write (QSerialPort): device not open
21:31:24.750QIODevice::write (QSerialPort): device not open
21:31:25.251QIODevice::write (QSerialPort): device not open
21:31:25.751QIODevice::write (QSerialPort): device not open
21:31:26.250QIODevice::write (QSerialPort): device not open
21:31:26.750QIODevice::write (QSerialPort): device not open
21:31:27.250QIODevice::write (QSerialPort): device not open
21:31:27.750QIODevice::write (QSerialPort): device not open
21:31:28.250QIODevice::write (QSerialPort): device not open
21:31:28.750QIODevice::write (QSerialPort): device not open
21:31:29.250QIODevice::write (QSerialPort): device not open
21:31:29.750QIODevice::write (QSerialPort): device not open
21:31:30.250QIODevice::write (QSerialPort): device not open
21:31:30.750QIODevice::write (QSerialPort): device not open
21:31:31.250QIODevice::write (QSerialPort): device not open
21:31:31.750QIODevice::write (QSerialPort): device not open
21:31:32.250QIODevice::write (QSerialPort): device not open
21:31:32.750QIODevice::write (QSerialPort): device not open
21:31:33.251QIODevice::write (QSerialPort): device not open
21:31:33.750QIODevice::write (QSerialPort): device not open
21:31:34.250QIODevice::write (QSerialPort): device not open
21:31:34.750QIODevice::write (QSerialPort): device not open
21:31:35.251QIODevice::write (QSerialPort): device not open
21:31:35.756QIODevice::write (QSerialPort): device not open
21:31:36.251QIODevice::write (QSerialPort): device not open
21:31:36.751QIODevice::write (QSerialPort): device not open
21:31:37.251QIODevice::write (QSerialPort): device not open
21:31:37.751QIODevice::write (QSerialPort): device not open
21:31:38.250QIODevice::write (QSerialPort): device not open
21:31:38.750QIODevice::write (QSerialPort): device not open
21:31:39.250QIODevice::write (QSerialPort): device not open
21:31:39.750QIODevice::write (QSerialPort): device not open
21:31:40.251QIODevice::write (QSerialPort): device not open
21:31:40.750QIODevice::write (QSerialPort): device not open
21:31:41.250QIODevice::write (QSerialPort): device not open
21:31:41.750QIODevice::write (QSerialPort): device not open
21:31:42.250QIODevice::write (QSerialPort): device not open
21:31:42.750QIODevice::write (QSerialPort): device not open
21:31:43.250QIODevice::write (QSerialPort): device not open
21:31:43.750QIODevice::write (QSerialPort): device not open
21:31:44.251QIODevice::write (QSerialPort): device not open
21:31:44.750QIODevice::write (QSerialPort): device not open
21:31:45.250QIODevice::write (QSerialPort): device not open
21:31:45.750QIODevice::write (QSerialPort): device not open
21:31:46.251QIODevice::write (QSerialPort): device not open
21:31:46.750QIODevice::write (QSerialPort): device not open
21:31:47.250QIODevice::write (QSerialPort): device not open
21:31:47.750QIODevice::write (QSerialPort): device not open
21:31:48.250QIODevice::write (QSerialPort): device not open
21:31:48.750QIODevice::write (QSerialPort): device not open
21:31:49.250QIODevice::write (QSerialPort): device not open
21:31:49.750QIODevice::write (QSerialPort): device not open
21:31:50.249QIODevice::write (QSerialPort): device not open
21:31:50.750QIODevice::write (QSerialPort): device not open
21:31:51.250QIODevice::write (QSerialPort): device not open
21:31:51.750QIODevice::write (QSerialPort): device not open
21:31:52.250QIODevice::write (QSerialPort): device not open
21:31:52.750QIODevice::write (QSerialPort): device not open
21:31:53.250QIODevice::write (QSerialPort): device not open
21:31:53.750QIODevice::write (QSerialPort): device not open
21:31:54.250QIODevice::write (QSerialPort): device not open
21:31:54.750QIODevice::write (QSerialPort): device not open
21:31:55.250QIODevice::write (QSerialPort): device not open
21:31:55.750QIODevice::write (QSerialPort): device not open
21:31:56.250QIODevice::write (QSerialPort): device not open
21:31:56.750QIODevice::write (QSerialPort): device not open
21:31:57.250QIODevice::write (QSerialPort): device not open
21:31:57.751QIODevice::write (QSerialPort): device not open
21:31:58.250QIODevice::write (QSerialPort): device not open
21:31:58.750QIODevice::write (QSerialPort): device not open
21:31:59.250QIODevice::write (QSerialPort): device not open
21:31:59.750QIODevice::write (QSerialPort): device not open
21:32:00.250QIODevice::write (QSerialPort): device not open
21:32:00.750QIODevice::write (QSerialPort): device not open
21:32:01.251QIODevice::write (QSerialPort): device not open
21:32:01.750QIODevice::write (QSerialPort): device not open
21:32:02.250QIODevice::write (QSerialPort): device not open
21:32:02.750QIODevice::write (QSerialPort): device not open
21:32:03.251QIODevice::write (QSerialPort): device not open
21:32:03.750QIODevice::write (QSerialPort): device not open
21:32:04.252QIODevice::write (QSerialPort): device not open
21:32:04.750QIODevice::write (QSerialPort): device not open
21:32:05.251QIODevice::write (QSerialPort): device not open
21:32:05.750QIODevice::write (QSerialPort): device not open
21:32:06.251QIODevice::write (QSerialPort): device not open
21:32:06.750QIODevice::write (QSerialPort): device not open
21:32:07.250QIODevice::write (QSerialPort): device not open
21:32:07.750QIODevice::write (QSerialPort): device not open
21:32:08.250QIODevice::write (QSerialPort): device not open
21:32:08.750QIODevice::write (QSerialPort): device not open
21:32:09.250QIODevice::write (QSerialPort): device not open
21:32:09.750QIODevice::write (QSerialPort): device not open
21:32:10.250QIODevice::write (QSerialPort): device not open
21:32:10.750QIODevice::write (QSerialPort): device not open
21:32:11.250QIODevice::write (QSerialPort): device not open
21:32:11.750QIODevice::write (QSerialPort): device not open
21:32:12.250QIODevice::write (QSerialPort): device not open
21:32:12.751QIODevice::write (QSerialPort): device not open
21:32:13.250QIODevice::write (QSerialPort): device not open
21:32:13.750QIODevice::write (QSerialPort): device not open
21:32:14.250QIODevice::write (QSerialPort): device not open
21:32:14.751QIODevice::write (QSerialPort): device not open
21:32:15.250QIODevice::write (QSerialPort): device not open
21:32:15.750QIODevice::write (QSerialPort): device not open
21:32:16.250QIODevice::write (QSerialPort): device not open
21:32:16.751QIODevice::write (QSerialPort): device not open
21:32:17.250QIODevice::write (QSerialPort): device not open
21:32:17.750QIODevice::write (QSerialPort): device not open
21:32:18.250QIODevice::write (QSerialPort): device not open
21:32:18.750QIODevice::write (QSerialPort): device not open
21:32:19.251QIODevice::write (QSerialPort): device not open
21:32:19.750QIODevice::write (QSerialPort): device not open
21:32:20.250QIODevice::write (QSerialPort): device not open
21:32:20.750QIODevice::write (QSerialPort): device not open
21:32:21.250QIODevice::write (QSerialPort): device not open
21:32:21.750QIODevice::write (QSerialPort): device not open
21:32:22.250QIODevice::write (QSerialPort): device not open
21:32:22.750QIODevice::write (QSerialPort): device not open
21:32:23.250QIODevice::write (QSerialPort): device not open
21:32:23.750QIODevice::write (QSerialPort): device not open
21:32:24.250QIODevice::write (QSerialPort): device not open
21:32:24.751QIODevice::write (QSerialPort): device not open
21:32:25.250QIODevice::write (QSerialPort): device not open
21:32:25.750QIODevice::write (QSerialPort): device not open
21:32:26.250QIODevice::write (QSerialPort): device not open
21:32:26.750QIODevice::write (QSerialPort): device not open
21:32:27.250QIODevice::write (QSerialPort): device not open
21:32:27.750QIODevice::write (QSerialPort): device not open
21:32:28.250QIODevice::write (QSerialPort): device not open
21:32:28.750QIODevice::write (QSerialPort): device not open
21:32:29.251QIODevice::write (QSerialPort): device not open
21:32:29.751QIODevice::write (QSerialPort): device not open
21:32:30.250QIODevice::write (QSerialPort): device not open
21:32:30.750QIODevice::write (QSerialPort): device not open
21:32:31.250QIODevice::write (QSerialPort): device not open
21:32:31.751QIODevice::write (QSerialPort): device not open
21:32:32.250QIODevice::write (QSerialPort): device not open
21:32:32.750QIODevice::write (QSerialPort): device not open
21:32:33.251QIODevice::write (QSerialPort): device not open
21:32:33.750QIODevice::write (QSerialPort): device not open
21:32:34.251QIODevice::write (QSerialPort): device not open
21:32:34.750QIODevice::write (QSerialPort): device not open
21:32:35.250QIODevice::write (QSerialPort): device not open
21:32:35.751QIODevice::write (QSerialPort): device not open
21:32:36.251QIODevice::write (QSerialPort): device not open
21:32:36.750QIODevice::write (QSerialPort): device not open
21:32:37.250QIODevice::write (QSerialPort): device not open
21:32:37.750QIODevice::write (QSerialPort): device not open
21:32:38.251QIODevice::write (QSerialPort): device not open
21:32:38.751QIODevice::write (QSerialPort): device not open
21:32:39.250QIODevice::write (QSerialPort): device not open
21:32:39.751QIODevice::write (QSerialPort): device not open
21:32:40.250QIODevice::write (QSerialPort): device not open
21:32:40.751QIODevice::write (QSerialPort): device not open
21:32:41.250QIODevice::write (QSerialPort): device not open
21:32:41.751QIODevice::write (QSerialPort): device not open
21:32:42.250QIODevice::write (QSerialPort): device not open
21:32:42.750QIODevice::write (QSerialPort): device not open
21:32:43.251QIODevice::write (QSerialPort): device not open
21:32:43.750QIODevice::write (QSerialPort): device not open
21:32:44.251QIODevice::write (QSerialPort): device not open
21:32:44.750QIODevice::write (QSerialPort): device not open
21:32:45.251QIODevice::write (QSerialPort): device not open
21:32:45.751QIODevice::write (QSerialPort): device not open
21:32:46.251QIODevice::write (QSerialPort): device not open
21:32:46.750QIODevice::write (QSerialPort): device not open
21:32:47.251QIODevice::write (QSerialPort): device not open
21:32:47.751QIODevice::write (QSerialPort): device not open
21:32:48.250QIODevice::write (QSerialPort): device not open
21:32:48.750QIODevice::write (QSerialPort): device not open
21:32:49.250QIODevice::write (QSerialPort): device not open
21:32:49.750QIODevice::write (QSerialPort): device not open
21:32:50.251QIODevice::write (QSerialPort): device not open
21:32:50.750QIODevice::write (QSerialPort): device not open
21:32:51.250QIODevice::write (QSerialPort): device not open
21:32:51.750QIODevice::write (QSerialPort): device not open
21:32:52.250QIODevice::write (QSerialPort): device not open
21:32:52.750QIODevice::write (QSerialPort): device not open
21:32:53.250QIODevice::write (QSerialPort): device not open
21:32:53.751QIODevice::write (QSerialPort): device not open
21:32:54.251QIODevice::write (QSerialPort): device not open
21:32:54.750QIODevice::write (QSerialPort): device not open
21:32:55.250QIODevice::write (QSerialPort): device not open
21:32:55.750QIODevice::write (QSerialPort): device not open
21:32:56.250QIODevice::write (QSerialPort): device not open
21:32:56.750QIODevice::write (QSerialPort): device not open
21:32:57.250QIODevice::write (QSerialPort): device not open
21:32:57.750QIODevice::write (QSerialPort): device not open
21:32:58.250QIODevice::write (QSerialPort): device not open
21:32:58.750QIODevice::write (QSerialPort): device not open
21:32:59.250QIODevice::write (QSerialPort): device not open
21:32:59.750QIODevice::write (QSerialPort): device not open
21:33:00.250QIODevice::write (QSerialPort): device not open
21:33:00.750QIODevice::write (QSerialPort): device not open
21:33:01.250QIODevice::write (QSerialPort): device not open
21:33:01.750QIODevice::write (QSerialPort): device not open
21:33:02.250QIODevice::write (QSerialPort): device not open
21:33:02.750QIODevice::write (QSerialPort): device not open
21:33:03.250QIODevice::write (QSerialPort): device not open
21:33:03.750QIODevice::write (QSerialPort): device not open
21:33:04.250QIODevice::write (QSerialPort): device not open
21:33:04.750QIODevice::write (QSerialPort): device not open
21:33:05.250QIODevice::write (QSerialPort): device not open
21:33:05.751QIODevice::write (QSerialPort): device not open
21:33:06.250QIODevice::write (QSerialPort): device not open
21:33:06.751QIODevice::write (QSerialPort): device not open
21:33:07.250QIODevice::write (QSerialPort): device not open
21:33:07.751QIODevice::write (QSerialPort): device not open
21:33:08.250QIODevice::write (QSerialPort): device not open
21:33:08.751QIODevice::write (QSerialPort): device not open
21:33:09.251QIODevice::write (QSerialPort): device not open
21:33:09.750QIODevice::write (QSerialPort): device not open
21:33:10.251QIODevice::write (QSerialPort): device not open
21:33:10.750QIODevice::write (QSerialPort): device not open
21:33:11.250QIODevice::write (QSerialPort): device not open
21:33:11.750QIODevice::write (QSerialPort): device not open
21:33:12.251QIODevice::write (QSerialPort): device not open
21:33:12.751QIODevice::write (QSerialPort): device not open
21:33:13.251QIODevice::write (QSerialPort): device not open
21:33:13.750QIODevice::write (QSerialPort): device not open
21:33:14.250QIODevice::write (QSerialPort): device not open
21:33:14.750QIODevice::write (QSerialPort): device not open
21:33:15.250QIODevice::write (QSerialPort): device not open
21:33:15.750QIODevice::write (QSerialPort): device not open
21:33:16.250QIODevice::write (QSerialPort): device not open
21:33:16.750QIODevice::write (QSerialPort): device not open
21:33:17.250QIODevice::write (QSerialPort): device not open
21:33:17.750QIODevice::write (QSerialPort): device not open
21:33:18.250QIODevice::write (QSerialPort): device not open
21:33:18.750QIODevice::write (QSerialPort): device not open
21:33:19.250QIODevice::write (QSerialPort): device not open
21:33:19.750QIODevice::write (QSerialPort): device not open
21:33:20.250QIODevice::write (QSerialPort): device not open
21:33:20.751QIODevice::write (QSerialPort): device not open
21:33:21.250QIODevice::write (QSerialPort): device not open
21:33:21.750QIODevice::write (QSerialPort): device not open
21:33:22.250QIODevice::write (QSerialPort): device not open
21:33:22.750QIODevice::write (QSerialPort): device not open
21:33:23.250QIODevice::write (QSerialPort): device not open
21:33:23.750QIODevice::write (QSerialPort): device not open
21:33:24.251QIODevice::write (QSerialPort): device not open
21:33:24.750QIODevice::write (QSerialPort): device not open
21:33:25.250QIODevice::write (QSerialPort): device not open
21:33:25.750QIODevice::write (QSerialPort): device not open
21:33:26.250QIODevice::write (QSerialPort): device not open
21:33:26.750QIODevice::write (QSerialPort): device not open
21:33:27.250QIODevice::write (QSerialPort): device not open
21:33:27.750QIODevice::write (QSerialPort): device not open
21:33:28.250QIODevice::write (QSerialPort): device not open
21:33:28.751QIODevice::write (QSerialPort): device not open
21:33:29.250QIODevice::write (QSerialPort): device not open
21:33:29.751QIODevice::write (QSerialPort): device not open
21:33:30.250QIODevice::write (QSerialPort): device not open
21:33:30.751QIODevice::write (QSerialPort): device not open
21:33:31.250QIODevice::write (QSerialPort): device not open
21:33:31.750QIODevice::write (QSerialPort): device not open
21:33:32.250QIODevice::write (QSerialPort): device not open
21:33:32.750QIODevice::write (QSerialPort): device not open
21:33:33.251QIODevice::write (QSerialPort): device not open
21:33:33.750QIODevice::write (QSerialPort): device not open
21:33:34.250QIODevice::write (QSerialPort): device not open
21:33:34.750QIODevice::write (QSerialPort): device not open
21:33:35.250QIODevice::write (QSerialPort): device not open
21:33:35.751QIODevice::write (QSerialPort): device not open
21:33:36.250QIODevice::write (QSerialPort): device not open
21:33:36.751QIODevice::write (QSerialPort): device not open
21:33:37.250QIODevice::write (QSerialPort): device not open
21:33:37.751QIODevice::write (QSerialPort): device not open
21:33:38.250QIODevice::write (QSerialPort): device not open
21:33:38.751QIODevice::write (QSerialPort): device not open
21:33:39.250QIODevice::write (QSerialPort): device not open
21:33:39.750QIODevice::write (QSerialPort): device not open
21:33:40.250QIODevice::write (QSerialPort): device not open
21:33:40.751QIODevice::write (QSerialPort): device not open
21:33:41.251QIODevice::write (QSerialPort): device not open
21:33:41.751QIODevice::write (QSerialPort): device not open
21:33:42.250QIODevice::write (QSerialPort): device not open
21:33:42.750QIODevice::write (QSerialPort): device not open
21:33:43.250QIODevice::write (QSerialPort): device not open
21:33:43.750QIODevice::write (QSerialPort): device not open
21:33:44.249QIODevice::write (QSerialPort): device not open
21:33:44.750QIODevice::write (QSerialPort): device not open
21:33:45.250QIODevice::write (QSerialPort): device not open
21:33:45.751QIODevice::write (QSerialPort): device not open
21:33:46.250QIODevice::write (QSerialPort): device not open
21:33:46.750QIODevice::write (QSerialPort): device not open
21:33:47.250QIODevice::write (QSerialPort): device not open
21:33:47.750QIODevice::write (QSerialPort): device not open
21:33:48.250QIODevice::write (QSerialPort): device not open
21:33:48.750QIODevice::write (QSerialPort): device not open
21:33:49.251QIODevice::write (QSerialPort): device not open
21:33:49.751QIODevice::write (QSerialPort): device not open
21:33:50.250QIODevice::write (QSerialPort): device not open
21:33:50.750QIODevice::write (QSerialPort): device not open
21:33:51.250QIODevice::write (QSerialPort): device not open
21:33:51.750QIODevice::write (QSerialPort): device not open
21:33:52.250QIODevice::write (QSerialPort): device not open
21:33:52.750QIODevice::write (QSerialPort): device not open
21:33:53.250QIODevice::write (QSerialPort): device not open
21:33:53.750QIODevice::write (QSerialPort): device not open
21:33:54.250QIODevice::write (QSerialPort): device not open
21:33:54.750QIODevice::write (QSerialPort): device not open
21:33:55.250QIODevice::write (QSerialPort): device not open
21:33:55.750QIODevice::write (QSerialPort): device not open
21:33:56.250QIODevice::write (QSerialPort): device not open
21:33:56.750QIODevice::write (QSerialPort): device not open
21:33:57.250QIODevice::write (QSerialPort): device not open
21:33:57.751QIODevice::write (QSerialPort): device not open
21:33:58.251QIODevice::write (QSerialPort): device not open
21:33:58.751QIODevice::write (QSerialPort): device not open
21:33:59.251QIODevice::write (QSerialPort): device not open
21:33:59.751QIODevice::write (QSerialPort): device not open
21:34:00.251QIODevice::write (QSerialPort): device not open
21:34:00.750QIODevice::write (QSerialPort): device not open
21:34:01.251QIODevice::write (QSerialPort): device not open
21:34:01.751QIODevice::write (QSerialPort): device not open
21:34:02.250QIODevice::write (QSerialPort): device not open
21:34:02.750QIODevice::write (QSerialPort): device not open
21:34:03.250QIODevice::write (QSerialPort): device not open
21:34:03.750QIODevice::write (QSerialPort): device not open
21:34:04.251QIODevice::write (QSerialPort): device not open
21:34:04.750QIODevice::write (QSerialPort): device not open
21:34:05.250QIODevice::write (QSerialPort): device not open
21:34:05.750QIODevice::write (QSerialPort): device not open
21:34:06.250QIODevice::write (QSerialPort): device not open
21:34:06.750QIODevice::write (QSerialPort): device not open
21:34:07.250QIODevice::write (QSerialPort): device not open
21:34:07.750QIODevice::write (QSerialPort): device not open
21:34:08.250QIODevice::write (QSerialPort): device not open
21:34:08.750QIODevice::write (QSerialPort): device not open
21:34:09.250QIODevice::write (QSerialPort): device not open
21:34:09.751QIODevice::write (QSerialPort): device not open
21:34:10.250QIODevice::write (QSerialPort): device not open
21:34:10.750QIODevice::write (QSerialPort): device not open
21:34:11.251QIODevice::write (QSerialPort): device not open
21:34:11.752QIODevice::write (QSerialPort): device not open
21:34:12.250QIODevice::write (QSerialPort): device not open
21:34:12.751QIODevice::write (QSerialPort): device not open
21:34:13.251QIODevice::write (QSerialPort): device not open
21:34:13.751QIODevice::write (QSerialPort): device not open
21:34:14.250QIODevice::write (QSerialPort): device not open
21:34:14.750QIODevice::write (QSerialPort): device not open
21:34:15.250QIODevice::write (QSerialPort): device not open
21:34:15.750QIODevice::write (QSerialPort): device not open
21:34:16.250QIODevice::write (QSerialPort): device not open
21:34:16.750QIODevice::write (QSerialPort): device not open
21:34:17.250QIODevice::write (QSerialPort): device not open
21:34:17.750QIODevice::write (QSerialPort): device not open
21:34:18.250QIODevice::write (QSerialPort): device not open
21:34:18.750QIODevice::write (QSerialPort): device not open
21:34:19.250QIODevice::write (QSerialPort): device not open
21:34:19.750QIODevice::write (QSerialPort): device not open
21:34:20.251QIODevice::write (QSerialPort): device not open
21:34:20.750QIODevice::write (QSerialPort): device not open
21:34:21.250QIODevice::write (QSerialPort): device not open
21:34:21.750QIODevice::write (QSerialPort): device not open
21:34:22.250QIODevice::write (QSerialPort): device not open
21:34:22.750QIODevice::write (QSerialPort): device not open
21:34:23.250QIODevice::write (QSerialPort): device not open
21:34:23.751QIODevice::write (QSerialPort): device not open
21:34:24.250QIODevice::write (QSerialPort): device not open
21:34:24.750QIODevice::write (QSerialPort): device not open
21:34:25.250QIODevice::write (QSerialPort): device not open
21:34:25.751QIODevice::write (QSerialPort): device not open
21:34:26.251QIODevice::write (QSerialPort): device not open
21:34:26.750QIODevice::write (QSerialPort): device not open
21:34:27.251QIODevice::write (QSerialPort): device not open
21:34:27.750QIODevice::write (QSerialPort): device not open
21:34:28.250QIODevice::write (QSerialPort): device not open
21:34:28.751QIODevice::write (QSerialPort): device not open
21:34:29.250QIODevice::write (QSerialPort): device not open
21:34:29.751QIODevice::write (QSerialPort): device not open
21:34:30.250QIODevice::write (QSerialPort): device not open
21:34:30.750QIODevice::write (QSerialPort): device not open
21:34:31.250QIODevice::write (QSerialPort): device not open
21:34:31.750QIODevice::write (QSerialPort): device not open
21:34:32.250QIODevice::write (QSerialPort): device not open
21:34:32.751QIODevice::write (QSerialPort): device not open
21:34:33.251QIODevice::write (QSerialPort): device not open
21:34:33.750QIODevice::write (QSerialPort): device not open
21:34:34.251QIODevice::write (QSerialPort): device not open
21:34:34.751QIODevice::write (QSerialPort): device not open
21:34:35.250QIODevice::write (QSerialPort): device not open
21:34:35.750QIODevice::write (QSerialPort): device not open
21:34:36.250QIODevice::write (QSerialPort): device not open
21:34:36.750QIODevice::write (QSerialPort): device not open
21:34:37.251QIODevice::write (QSerialPort): device not open
21:34:37.751QIODevice::write (QSerialPort): device not open
21:34:38.251QIODevice::write (QSerialPort): device not open
21:34:38.751QIODevice::write (QSerialPort): device not open
21:34:39.251QIODevice::write (QSerialPort): device not open
21:34:39.751QIODevice::write (QSerialPort): device not open
21:34:40.250QIODevice::write (QSerialPort): device not open
21:34:40.750QIODevice::write (QSerialPort): device not open
21:34:41.250QIODevice::write (QSerialPort): device not open
21:34:41.750QIODevice::write (QSerialPort): device not open
21:34:42.250QIODevice::write (QSerialPort): device not open
21:34:42.750QIODevice::write (QSerialPort): device not open
21:34:43.251QIODevice::write (QSerialPort): device not open
21:34:43.750QIODevice::write (QSerialPort): device not open
21:34:44.250QIODevice::write (QSerialPort): device not open
21:34:44.751QIODevice::write (QSerialPort): device not open
21:34:45.250QIODevice::write (QSerialPort): device not open
21:34:45.751QIODevice::write (QSerialPort): device not open
21:34:46.251QIODevice::write (QSerialPort): device not open
21:34:46.751QIODevice::write (QSerialPort): device not open
21:34:47.250QIODevice::write (QSerialPort): device not open
21:34:47.751QIODevice::write (QSerialPort): device not open
21:34:48.251QIODevice::write (QSerialPort): device not open
21:34:48.750QIODevice::write (QSerialPort): device not open
21:34:49.251QIODevice::write (QSerialPort): device not open
21:34:49.750QIODevice::write (QSerialPort): device not open
21:34:50.250QIODevice::write (QSerialPort): device not open
21:34:50.751QIODevice::write (QSerialPort): device not open
21:34:51.250QIODevice::write (QSerialPort): device not open
21:34:51.750QIODevice::write (QSerialPort): device not open
21:34:52.250QIODevice::write (QSerialPort): device not open
21:34:52.751QIODevice::write (QSerialPort): device not open
21:34:53.251QIODevice::write (QSerialPort): device not open
21:34:53.751QIODevice::write (QSerialPort): device not open
21:34:54.250QIODevice::write (QSerialPort): device not open
21:34:54.750QIODevice::write (QSerialPort): device not open
21:34:55.250QIODevice::write (QSerialPort): device not open
21:34:55.751QIODevice::write (QSerialPort): device not open
21:34:56.251QIODevice::write (QSerialPort): device not open
21:34:56.750QIODevice::write (QSerialPort): device not open
21:34:57.251QIODevice::write (QSerialPort): device not open
21:34:57.750QIODevice::write (QSerialPort): device not open
21:34:58.251QIODevice::write (QSerialPort): device not open
21:34:58.750QIODevice::write (QSerialPort): device not open
21:34:59.250QIODevice::write (QSerialPort): device not open
21:34:59.461|I|2| --------- Sistema Desligando --------- 
21:35:28.876|I|| --------- Sistema Inicializando --------- 
21:35:28.876QIODevice::write (QSerialPort): device not open
21:35:28.876|E||Porta serial ttyUSB0 indisponivel para uso
21:35:28.876|W||WARNING: configuration SYSTEM/USE_RESTART not found
21:35:28.888libpng warning: iCCP: known incorrect sRGB profile
21:35:28.992|W|SISTEMA|WARNING: configuration SYSTEM/LANGUAGE not found
21:35:29.006libpng warning: iCCP: known incorrect sRGB profile
21:35:39.975void FormLogin::on_btn_login_clicked() 137 false
21:35:42.894|E|2|Erro ao inicializar cameras: Lista de cameras vazia
21:35:43.142QIODevice::write (QSerialPort): device not open
21:35:43.667QIODevice::write (QSerialPort): device not open
21:35:44.192QIODevice::write (QSerialPort): device not open
21:35:44.583|W|2|WARNING: configuration DISK/ROTATE_ANG not found
21:35:44.717QIODevice::write (QSerialPort): device not open
21:35:44.887|W|2|WARNING: configuration DISK/ROTATE_ANG not found
21:35:45.242QIODevice::write (QSerialPort): device not open
21:35:45.749QIODevice::write (QSerialPort): device not open
21:35:46.249QIODevice::write (QSerialPort): device not open
21:35:46.749QIODevice::write (QSerialPort): device not open
21:35:47.249QIODevice::write (QSerialPort): device not open
21:35:47.749QIODevice::write (QSerialPort): device not open
21:35:48.249QIODevice::write (QSerialPort): device not open
21:35:48.749QIODevice::write (QSerialPort): device not open
21:35:49.249QIODevice::write (QSerialPort): device not open
21:35:49.749QIODevice::write (QSerialPort): device not open
21:35:50.249QIODevice::write (QSerialPort): device not open
21:35:50.749QIODevice::write (QSerialPort): device not open
21:35:51.249QIODevice::write (QSerialPort): device not open
21:35:51.749QIODevice::write (QSerialPort): device not open
21:35:52.249QIODevice::write (QSerialPort): device not open
21:35:52.677|E|2|ERRO FATAL: Registration Key Expired
 %2
21:35:52.749QIODevice::write (QSerialPort): device not open
21:35:53.249QIODevice::write (QSerialPort): device not open
21:35:53.749QIODevice::write (QSerialPort): device not open
21:35:54.249QIODevice::write (QSerialPort): device not open
21:35:54.749QIODevice::write (QSerialPort): device not open
21:35:55.250QIODevice::write (QSerialPort): device not open
21:35:55.749QIODevice::write (QSerialPort): device not open
