11:03:57.525|I|| --------- Sistema Inicializando --------- 
11:03:57.537libpng warning: iCCP: known incorrect sRGB profile
11:03:57.611libpng warning: iCCP: known incorrect sRGB profile
11:04:41.145|I|2| --------- Sistema Desligando --------- 
11:04:54.061|I|| --------- Sistema Inicializando --------- 
11:04:54.076libpng warning: iCCP: known incorrect sRGB profile
11:04:54.147libpng warning: iCCP: known incorrect sRGB profile
11:05:57.443libpng warning: iCCP: known incorrect sRGB profile
11:06:28.923|E|2|Erro ao inicializar cameras: Lista de cameras vazia
11:06:28.926|E|2|Erro ao inicializar cameras: Lista de cameras vazia
11:09:47.136|I|2| --------- Sistema Desligando --------- 
11:15:35.064|I|| --------- Sistema Inicializando --------- 
11:15:35.075libpng warning: iCCP: known incorrect sRGB profile
11:15:35.146libpng warning: iCCP: known incorrect sRGB profile
11:15:57.795|E|2|Erro ao inicializar cameras: Lista de cameras vazia
11:15:57.796|E|2|Erro ao inicializar cameras: Lista de cameras vazia
11:18:07.779|I|2| --------- Sistema Desligando --------- 
11:19:00.052|I|| --------- Sistema Inicializando --------- 
11:19:00.064libpng warning: iCCP: known incorrect sRGB profile
11:19:00.140libpng warning: iCCP: known incorrect sRGB profile
11:19:22.149|E|2|Erro ao inicializar cameras: Lista de cameras vazia
11:19:22.151|E|2|Erro ao inicializar cameras: Lista de cameras vazia
11:20:06.330void MvOCRPO::Exec(const cv::Mat&, quint32) 478 '1'
11:20:06.330void MvOCRPO::Exec(const cv::Mat&, quint32) 478 '3'
11:20:06.330void MvOCRPO::Exec(const cv::Mat&, quint32) 478 '5'
11:20:06.330void MvOCRPO::Exec(const cv::Mat&, quint32) 478 '2'
11:20:06.330void MvOCRPO::Exec(const cv::Mat&, quint32) 478 '8'
11:20:06.330void MvOCRPO::Exec(const cv::Mat&, quint32) 478 '7'
11:20:20.057void MvOCRPO::Exec(const cv::Mat&, quint32) 478 '1'
11:20:20.058void MvOCRPO::Exec(const cv::Mat&, quint32) 478 '3'
11:20:20.058void MvOCRPO::Exec(const cv::Mat&, quint32) 478 '5'
11:20:20.058void MvOCRPO::Exec(const cv::Mat&, quint32) 478 '2'
11:20:20.058void MvOCRPO::Exec(const cv::Mat&, quint32) 478 '8'
11:20:20.058void MvOCRPO::Exec(const cv::Mat&, quint32) 478 '7'
11:20:21.491void MvOCRPO::Exec(const cv::Mat&, quint32) 478 '1'
11:20:21.491void MvOCRPO::Exec(const cv::Mat&, quint32) 478 '3'
11:20:21.492void MvOCRPO::Exec(const cv::Mat&, quint32) 478 '5'
11:20:21.492void MvOCRPO::Exec(const cv::Mat&, quint32) 478 '2'
11:20:21.492void MvOCRPO::Exec(const cv::Mat&, quint32) 478 '8'
11:20:21.492void MvOCRPO::Exec(const cv::Mat&, quint32) 478 '7'
11:20:22.221void MvOCRPO::Exec(const cv::Mat&, quint32) 478 '3'
11:20:22.221void MvOCRPO::Exec(const cv::Mat&, quint32) 478 '5'
11:20:22.221void MvOCRPO::Exec(const cv::Mat&, quint32) 478 '2'
11:20:22.221void MvOCRPO::Exec(const cv::Mat&, quint32) 478 '8'
11:20:22.221void MvOCRPO::Exec(const cv::Mat&, quint32) 478 '7'
11:20:34.426void MvOCRPO::Exec(const cv::Mat&, quint32) 478 '1'
11:20:34.426void MvOCRPO::Exec(const cv::Mat&, quint32) 478 '3'
11:20:34.427void MvOCRPO::Exec(const cv::Mat&, quint32) 478 '5'
11:20:34.427void MvOCRPO::Exec(const cv::Mat&, quint32) 478 '2'
11:20:34.427void MvOCRPO::Exec(const cv::Mat&, quint32) 478 '8'
11:20:34.427void MvOCRPO::Exec(const cv::Mat&, quint32) 478 '7'
11:20:34.881void MvOCRPO::Exec(const cv::Mat&, quint32) 478 '1'
11:20:34.881void MvOCRPO::Exec(const cv::Mat&, quint32) 478 '3'
11:20:34.881void MvOCRPO::Exec(const cv::Mat&, quint32) 478 '5'
11:20:34.882void MvOCRPO::Exec(const cv::Mat&, quint32) 478 '2'
11:20:34.882void MvOCRPO::Exec(const cv::Mat&, quint32) 478 '8'
11:20:34.882void MvOCRPO::Exec(const cv::Mat&, quint32) 478 '7'
11:20:44.215|I|2|INFO       : Registration OK
 %2
11:20:48.648void ParamsDataMatrix::NewResult(bool, const QString&, quint32) 42 tt
11:20:48.660void ParamsDataMatrix::NewResult(bool, const QString&, quint32) 42 tt
11:20:48.672void ParamsDataMatrix::NewResult(bool, const QString&, quint32) 42 tt
11:20:48.686void ParamsDataMatrix::NewResult(bool, const QString&, quint32) 42 tt
11:20:48.701void ParamsDataMatrix::NewResult(bool, const QString&, quint32) 42 tt
11:20:48.715void ParamsDataMatrix::NewResult(bool, const QString&, quint32) 42 tt
11:20:48.726void ParamsDataMatrix::NewResult(bool, const QString&, quint32) 42 tt
11:20:48.736void ParamsDataMatrix::NewResult(bool, const QString&, quint32) 42 tt
11:20:48.746void ParamsDataMatrix::NewResult(bool, const QString&, quint32) 42 tt
11:20:48.757void ParamsDataMatrix::NewResult(bool, const QString&, quint32) 42 tt
11:20:48.774void ParamsDataMatrix::NewResult(bool, const QString&, quint32) 42 tt
11:20:48.802void ParamsDataMatrix::NewResult(bool, const QString&, quint32) 42 tt
11:20:48.820void ParamsDataMatrix::NewResult(bool, const QString&, quint32) 42 tt
11:20:48.837void ParamsDataMatrix::NewResult(bool, const QString&, quint32) 42 tt
11:20:48.848void ParamsDataMatrix::NewResult(bool, const QString&, quint32) 42 tt
11:20:48.859void ParamsDataMatrix::NewResult(bool, const QString&, quint32) 42 tt
11:20:48.872void ParamsDataMatrix::NewResult(bool, const QString&, quint32) 42 tt
11:20:48.882void ParamsDataMatrix::NewResult(bool, const QString&, quint32) 42 tt
11:20:48.894void ParamsDataMatrix::NewResult(bool, const QString&, quint32) 42 tt
11:20:48.905void ParamsDataMatrix::NewResult(bool, const QString&, quint32) 42 tt
11:20:48.915void ParamsDataMatrix::NewResult(bool, const QString&, quint32) 42 tt
11:20:48.927void ParamsDataMatrix::NewResult(bool, const QString&, quint32) 42 tt
11:20:48.939void ParamsDataMatrix::NewResult(bool, const QString&, quint32) 42 tt
11:20:49.016void ParamsDataMatrix::NewResult(bool, const QString&, quint32) 42 tt
11:20:49.025void ParamsDataMatrix::NewResult(bool, const QString&, quint32) 42 tt
11:20:49.035void ParamsDataMatrix::NewResult(bool, const QString&, quint32) 42 tt
11:20:49.047void ParamsDataMatrix::NewResult(bool, const QString&, quint32) 42 tt
11:20:49.058void ParamsDataMatrix::NewResult(bool, const QString&, quint32) 42 tt
11:20:49.068void ParamsDataMatrix::NewResult(bool, const QString&, quint32) 42 tt
11:20:49.080void ParamsDataMatrix::NewResult(bool, const QString&, quint32) 42 tt
11:20:49.091void ParamsDataMatrix::NewResult(bool, const QString&, quint32) 42 tt
11:20:49.103void ParamsDataMatrix::NewResult(bool, const QString&, quint32) 42 tt
11:20:49.116void ParamsDataMatrix::NewResult(bool, const QString&, quint32) 42 tt
11:20:49.129void ParamsDataMatrix::NewResult(bool, const QString&, quint32) 42 tt
11:20:49.148void ParamsDataMatrix::NewResult(bool, const QString&, quint32) 42 tt
11:20:49.166void ParamsDataMatrix::NewResult(bool, const QString&, quint32) 42 tt
11:20:49.192void ParamsDataMatrix::NewResult(bool, const QString&, quint32) 42 tt
11:20:49.209void ParamsDataMatrix::NewResult(bool, const QString&, quint32) 42 tt
11:20:49.226void ParamsDataMatrix::NewResult(bool, const QString&, quint32) 42 tt
11:20:49.246void ParamsDataMatrix::NewResult(bool, const QString&, quint32) 42 tt
11:20:49.259void ParamsDataMatrix::NewResult(bool, const QString&, quint32) 42 tt
11:20:49.271void ParamsDataMatrix::NewResult(bool, const QString&, quint32) 42 tt
11:20:49.284void ParamsDataMatrix::NewResult(bool, const QString&, quint32) 42 tt
11:20:49.314void ParamsDataMatrix::NewResult(bool, const QString&, quint32) 42 tt
11:20:49.329void ParamsDataMatrix::NewResult(bool, const QString&, quint32) 42 tt
11:20:49.352void ParamsDataMatrix::NewResult(bool, const QString&, quint32) 42 tt
11:20:49.416void ParamsDataMatrix::NewResult(bool, const QString&, quint32) 42 tt
11:20:49.433void ParamsDataMatrix::NewResult(bool, const QString&, quint32) 42 tt
11:20:49.448void ParamsDataMatrix::NewResult(bool, const QString&, quint32) 42 tt
11:20:49.468void ParamsDataMatrix::NewResult(bool, const QString&, quint32) 42 tt
11:20:50.264void ParamsDataMatrix::NewResult(bool, const QString&, quint32) 42 tt
11:20:50.290void ParamsDataMatrix::NewResult(bool, const QString&, quint32) 42 tt
11:20:50.366void ParamsDataMatrix::NewResult(bool, const QString&, quint32) 42 tt
11:20:50.403void ParamsDataMatrix::NewResult(bool, const QString&, quint32) 42 tt
11:20:50.436void ParamsDataMatrix::NewResult(bool, const QString&, quint32) 42 tt
11:20:50.468void ParamsDataMatrix::NewResult(bool, const QString&, quint32) 42 tt
11:20:50.501void ParamsDataMatrix::NewResult(bool, const QString&, quint32) 42 tt
11:20:50.539void ParamsDataMatrix::NewResult(bool, const QString&, quint32) 42 tt
11:20:50.575void ParamsDataMatrix::NewResult(bool, const QString&, quint32) 42 tt
11:20:50.613void ParamsDataMatrix::NewResult(bool, const QString&, quint32) 42 tt
11:20:50.651void ParamsDataMatrix::NewResult(bool, const QString&, quint32) 42 tt
11:20:50.695void ParamsDataMatrix::NewResult(bool, const QString&, quint32) 42 tt
11:20:50.742void ParamsDataMatrix::NewResult(bool, const QString&, quint32) 42 tt
11:20:50.791void ParamsDataMatrix::NewResult(bool, const QString&, quint32) 42 tt
11:20:50.847void ParamsDataMatrix::NewResult(bool, const QString&, quint32) 42 tt
11:20:50.913void ParamsDataMatrix::NewResult(bool, const QString&, quint32) 42 tt
11:20:50.974void ParamsDataMatrix::NewResult(bool, const QString&, quint32) 42 tt
11:20:51.046void ParamsDataMatrix::NewResult(bool, const QString&, quint32) 42 tt
11:20:51.128void ParamsDataMatrix::NewResult(bool, const QString&, quint32) 42 tt
11:20:51.220void ParamsDataMatrix::NewResult(bool, const QString&, quint32) 42 tt
11:20:51.301void ParamsDataMatrix::NewResult(bool, const QString&, quint32) 42 tt
11:20:51.362void ParamsDataMatrix::NewResult(bool, const QString&, quint32) 42 tt
11:20:51.443void ParamsDataMatrix::NewResult(bool, const QString&, quint32) 42 tt
11:20:51.523void ParamsDataMatrix::NewResult(bool, const QString&, quint32) 42 tt
11:20:51.598void ParamsDataMatrix::NewResult(bool, const QString&, quint32) 42 tt
11:20:51.668void ParamsDataMatrix::NewResult(bool, const QString&, quint32) 42 tt
11:20:51.730void ParamsDataMatrix::NewResult(bool, const QString&, quint32) 42 tt
11:20:54.262void ParamsDataMatrix::NewResult(bool, const QString&, quint32) 42 tt
11:20:54.338void ParamsDataMatrix::NewResult(bool, const QString&, quint32) 42 tt
11:20:54.420void ParamsDataMatrix::NewResult(bool, const QString&, quint32) 42 tt
11:20:54.544void ParamsDataMatrix::NewResult(bool, const QString&, quint32) 42 tt
11:20:54.697void ParamsDataMatrix::NewResult(bool, const QString&, quint32) 42 tt
11:20:54.756void ParamsDataMatrix::NewResult(bool, const QString&, quint32) 42 tt
11:20:54.837void ParamsDataMatrix::NewResult(bool, const QString&, quint32) 42 tt
11:20:54.915void ParamsDataMatrix::NewResult(bool, const QString&, quint32) 42 tt
11:20:55.003void ParamsDataMatrix::NewResult(bool, const QString&, quint32) 42 tt
11:20:55.087void ParamsDataMatrix::NewResult(bool, const QString&, quint32) 42 tt
11:20:55.164void ParamsDataMatrix::NewResult(bool, const QString&, quint32) 42 tt
11:20:55.233void ParamsDataMatrix::NewResult(bool, const QString&, quint32) 42 tt
11:20:55.297void ParamsDataMatrix::NewResult(bool, const QString&, quint32) 42 tt
11:20:55.367void ParamsDataMatrix::NewResult(bool, const QString&, quint32) 42 tt
11:20:55.426void ParamsDataMatrix::NewResult(bool, const QString&, quint32) 42 tt
11:20:55.496void ParamsDataMatrix::NewResult(bool, const QString&, quint32) 42 tt
11:20:55.582void ParamsDataMatrix::NewResult(bool, const QString&, quint32) 42 tt
11:20:55.590void ParamsDataMatrix::NewResult(bool, const QString&, quint32) 42 tt
11:20:55.603void ParamsDataMatrix::NewResult(bool, const QString&, quint32) 42 tt
11:20:55.621void ParamsDataMatrix::NewResult(bool, const QString&, quint32) 42 tt
11:20:55.658void ParamsDataMatrix::NewResult(bool, const QString&, quint32) 42 tt
11:20:55.669void ParamsDataMatrix::NewResult(bool, const QString&, quint32) 42 tt
11:20:55.760void ParamsDataMatrix::NewResult(bool, const QString&, quint32) 42 tt
11:20:55.857void ParamsDataMatrix::NewResult(bool, const QString&, quint32) 42 tt
11:20:55.866void ParamsDataMatrix::NewResult(bool, const QString&, quint32) 42 tt
11:20:55.877void ParamsDataMatrix::NewResult(bool, const QString&, quint32) 42 tt
11:20:55.886void ParamsDataMatrix::NewResult(bool, const QString&, quint32) 42 tt
11:20:55.898void ParamsDataMatrix::NewResult(bool, const QString&, quint32) 42 tt
11:20:55.908void ParamsDataMatrix::NewResult(bool, const QString&, quint32) 42 tt
11:20:55.930void ParamsDataMatrix::NewResult(bool, const QString&, quint32) 42 tt
11:20:55.940void ParamsDataMatrix::NewResult(bool, const QString&, quint32) 42 tt
11:20:56.441void ParamsDataMatrix::NewResult(bool, const QString&, quint32) 42 tt
11:23:43.497void ParamsDataMatrix::NewResult(bool, const QString&, quint32) 42 tt
11:24:31.395libpng warning: iCCP: known incorrect sRGB profile
11:24:43.781|E|2|Erro ao inicializar cameras: Lista de cameras vazia
11:24:43.791|E|2|Erro ao inicializar cameras: Lista de cameras vazia
11:25:17.058|E|2|Erro ao inicializar cameras: Lista de cameras vazia
11:25:17.559|I|2|INFO       : Registration OK
 %2
11:25:17.825|E|2|Erro ao inicializar cameras: Lista de cameras vazia
11:25:49.801|E|2|Erro ao inicializar cameras: Lista de cameras vazia
11:25:50.394|I|2|INFO       : Registration OK
 %2
11:25:50.668|E|2|Erro ao inicializar cameras: Lista de cameras vazia
11:25:55.593void FormProcessContent::on_btn_camera_snap_clicked() 218 "/home/gemirson/Documents/Source/LDF_2020_01_20/LDFM/LDFM-V3/LDFM-V2_DEPLOY/Release/data/image/camera2//1585157860230.jpg"
11:25:55.677void MvOCRPO::Exec(const cv::Mat&, quint32) 478 '1'
11:25:55.677void MvOCRPO::Exec(const cv::Mat&, quint32) 478 '3'
11:25:55.677void MvOCRPO::Exec(const cv::Mat&, quint32) 478 '5'
11:25:55.677void MvOCRPO::Exec(const cv::Mat&, quint32) 478 '2'
11:25:55.677void MvOCRPO::Exec(const cv::Mat&, quint32) 478 '8'
11:25:55.677void MvOCRPO::Exec(const cv::Mat&, quint32) 478 '7'
11:26:16.109void MvOCRPO::Exec(const cv::Mat&, quint32) 478 '1'
11:26:16.109void MvOCRPO::Exec(const cv::Mat&, quint32) 478 '3'
11:26:16.109void MvOCRPO::Exec(const cv::Mat&, quint32) 478 '5'
11:26:16.109void MvOCRPO::Exec(const cv::Mat&, quint32) 478 '2'
11:26:16.109void MvOCRPO::Exec(const cv::Mat&, quint32) 478 '8'
11:26:16.110void MvOCRPO::Exec(const cv::Mat&, quint32) 478 '7'
11:26:22.420TOOL  0 --------------------------- 2
11:26:22.420TOOL  1 --------------------------- 4
11:26:35.416|I|2| --------- Sistema Desligando --------- 
