15:31:24.880|I|| --------- Sistema Inicializando --------- 
15:31:24.880QIODevice::write (QSerialPort): device not open
15:31:24.880|E||Porta serial ttyUSB0 indisponivel para uso
15:31:24.887libpng warning: iCCP: known incorrect sRGB profile
15:31:24.961libpng warning: iCCP: known incorrect sRGB profile
15:31:49.347QIODevice::write (QSerialPort): device not open
15:31:49.605|E|2|Erro ao inicializar cameras: Lista de cameras vazia
15:31:49.722bool IBProcess::SetTO(const ProductTO&) 335 true
15:31:49.723void MvOCR::SetBlackAndWhite(const bool&) 186 true
15:31:49.741QIODevice::write (QSerialPort): device not open
15:31:49.991|E|2|Erro ao inicializar cameras: Lista de cameras vazia
15:31:50.242QIODevice::write (QSerialPort): device not open
15:31:50.243QIODevice::write (QSerialPort): device not open
15:31:50.742QIODevice::write (QSerialPort): device not open
15:31:50.743QIODevice::write (QSerialPort): device not open
15:31:51.242QIODevice::write (QSerialPort): device not open
15:31:51.243QIODevice::write (QSerialPort): device not open
15:31:51.434QIODevice::write (QSerialPort): device not open
15:31:51.587QIODevice::write (QSerialPort): device not open
15:31:51.730QIODevice::write (QSerialPort): device not open
15:31:51.742QIODevice::write (QSerialPort): device not open
15:31:51.743QIODevice::write (QSerialPort): device not open
15:31:52.242QIODevice::write (QSerialPort): device not open
15:31:52.243QIODevice::write (QSerialPort): device not open
15:31:52.306QIODevice::write (QSerialPort): device not open
15:31:52.458QIODevice::write (QSerialPort): device not open
15:31:52.594QIODevice::write (QSerialPort): device not open
15:31:52.742QIODevice::write (QSerialPort): device not open
15:31:52.742QIODevice::write (QSerialPort): device not open
15:31:53.242QIODevice::write (QSerialPort): device not open
15:31:53.243QIODevice::write (QSerialPort): device not open
15:31:53.742QIODevice::write (QSerialPort): device not open
15:31:53.743QIODevice::write (QSerialPort): device not open
15:31:53.897QIODevice::write (QSerialPort): device not open
15:31:54.066QIODevice::write (QSerialPort): device not open
15:31:54.242QIODevice::write (QSerialPort): device not open
15:31:54.243QIODevice::write (QSerialPort): device not open
15:31:54.674QIODevice::write (QSerialPort): device not open
15:31:54.742QIODevice::write (QSerialPort): device not open
15:31:54.742QIODevice::write (QSerialPort): device not open
15:31:54.826QIODevice::write (QSerialPort): device not open
15:31:54.954QIODevice::write (QSerialPort): device not open
15:31:55.082QIODevice::write (QSerialPort): device not open
15:31:55.242QIODevice::write (QSerialPort): device not open
15:31:55.243QIODevice::write (QSerialPort): device not open
15:31:55.331|I|2| --------- Sistema Desligando --------- 
17:17:32.390|I|| --------- Sistema Inicializando --------- 
17:17:32.398libpng warning: iCCP: known incorrect sRGB profile
17:17:32.472libpng warning: iCCP: known incorrect sRGB profile
17:17:34.358|I|2| --------- Sistema Desligando --------- 
