17:50:16.730|I|| --------- System Booting --------- 
17:50:16.730QIODevice::write (QSerialPort): device not open
17:50:16.730|E||Serial port ttyUSB0unavailable for use
17:50:16.768libpng warning: iCCP: known incorrect sRGB profile
17:50:16.889libpng warning: iCCP: known incorrect sRGB profile
17:50:38.880|I|| --------- System Booting --------- 
17:50:38.880QIODevice::write (QSerialPort): device not open
17:50:38.880|E||Serial port ttyUSB0unavailable for use
17:50:38.885libpng warning: iCCP: known incorrect sRGB profile
17:50:38.982libpng warning: iCCP: known incorrect sRGB profile
17:50:50.771|I|| --------- System Booting --------- 
17:50:50.771QIODevice::write (QSerialPort): device not open
17:50:50.771|E||Serial port ttyUSB0unavailable for use
17:50:50.777libpng warning: iCCP: known incorrect sRGB profile
17:50:50.882libpng warning: iCCP: known incorrect sRGB profile
18:00:22.875|I|| --------- System Booting --------- 
18:00:22.876QIODevice::write (QSerialPort): device not open
18:00:22.876|E||Serial port ttyUSB0unavailable for use
18:00:22.882libpng warning: iCCP: known incorrect sRGB profile
18:00:22.979libpng warning: iCCP: known incorrect sRGB profile
18:02:14.291|I|| --------- System Booting --------- 
18:02:14.296libpng warning: iCCP: known incorrect sRGB profile
18:02:14.401libpng warning: iCCP: known incorrect sRGB profile
18:26:13.776|I|| --------- Sistema Inicializando --------- 
18:26:13.783libpng warning: iCCP: known incorrect sRGB profile
18:26:13.876libpng warning: iCCP: known incorrect sRGB profile
18:26:13.889QSqlQuery::exec: database not open
18:36:14.250libpng warning: iCCP: known incorrect sRGB profile
18:36:14.276|I|SISTEMA| --------- Sistema Desligando --------- 
20:15:22.050|I|| --------- Sistema Inicializando --------- 
20:15:22.055libpng warning: iCCP: known incorrect sRGB profile
20:15:22.162libpng warning: iCCP: known incorrect sRGB profile
20:15:22.180QSqlQuery::exec: database not open
20:25:22.251libpng warning: iCCP: known incorrect sRGB profile
20:25:22.281|I|SISTEMA| --------- Sistema Desligando --------- 
