09:35:02.255|I|| --------- Sistema Inicializando --------- 
09:35:02.256QIODevice::write (QSerialPort): device not open
09:35:02.256|E||Porta serial ttyUSB0 indisponivel para uso
09:35:02.282libpng warning: iCCP: known incorrect sRGB profile
09:35:02.368libpng warning: iCCP: known incorrect sRGB profile
09:35:26.494|E|2|Erro ao inicializar cameras: Lista de cameras vazia
09:35:26.745QIODevice::write (QSerialPort): device not open
09:35:27.270QIODevice::write (QSerialPort): device not open
09:35:27.481QIODevice::write (QSerialPort): device not open
09:35:27.642QIODevice::write (QSerialPort): device not open
09:35:27.796QIODevice::write (QSerialPort): device not open
09:35:28.139QIODevice::write (QSerialPort): device not open
09:35:28.321QIODevice::write (QSerialPort): device not open
09:35:28.330QIODevice::write (QSerialPort): device not open
09:35:28.474QIODevice::write (QSerialPort): device not open
09:35:28.626QIODevice::write (QSerialPort): device not open
09:35:28.777QIODevice::write (QSerialPort): device not open
09:35:28.845QIODevice::write (QSerialPort): device not open
09:35:28.922QIODevice::write (QSerialPort): device not open
09:35:29.082QIODevice::write (QSerialPort): device not open
09:35:29.234QIODevice::write (QSerialPort): device not open
09:35:29.370QIODevice::write (QSerialPort): device not open
09:35:29.386QIODevice::write (QSerialPort): device not open
09:35:29.522QIODevice::write (QSerialPort): device not open
09:35:29.682QIODevice::write (QSerialPort): device not open
09:35:29.842QIODevice::write (QSerialPort): device not open
09:35:29.896QIODevice::write (QSerialPort): device not open
09:35:29.977QIODevice::write (QSerialPort): device not open
09:35:30.137QIODevice::write (QSerialPort): device not open
09:35:30.297QIODevice::write (QSerialPort): device not open
09:35:30.420QIODevice::write (QSerialPort): device not open
09:35:30.458QIODevice::write (QSerialPort): device not open
09:35:30.610QIODevice::write (QSerialPort): device not open
09:35:30.754QIODevice::write (QSerialPort): device not open
09:35:30.889QIODevice::write (QSerialPort): device not open
09:35:30.928QIODevice::write (QSerialPort): device not open
09:35:31.057QIODevice::write (QSerialPort): device not open
09:35:31.209QIODevice::write (QSerialPort): device not open
09:35:31.345QIODevice::write (QSerialPort): device not open
09:35:31.428QIODevice::write (QSerialPort): device not open
09:35:31.489QIODevice::write (QSerialPort): device not open
09:35:31.929QIODevice::write (QSerialPort): device not open
09:35:32.185QIODevice::write (QSerialPort): device not open
09:35:32.329QIODevice::write (QSerialPort): device not open
09:35:32.428QIODevice::write (QSerialPort): device not open
09:35:32.473QIODevice::write (QSerialPort): device not open
09:35:32.617QIODevice::write (QSerialPort): device not open
09:35:32.929QIODevice::write (QSerialPort): device not open
09:35:32.969|I|2| --------- Sistema Desligando --------- 
09:36:07.649|I|| --------- Sistema Inicializando --------- 
09:36:07.650QIODevice::write (QSerialPort): device not open
09:36:07.650|E||Porta serial ttyUSB0 indisponivel para uso
09:36:07.655libpng warning: iCCP: known incorrect sRGB profile
09:36:07.723libpng warning: iCCP: known incorrect sRGB profile
09:36:26.325|E|2|Erro ao inicializar cameras: Lista de cameras vazia
09:36:26.541QIODevice::write (QSerialPort): device not open
09:36:27.015QIODevice::write (QSerialPort): device not open
09:36:27.491QIODevice::write (QSerialPort): device not open
09:36:27.558QIODevice::write (QSerialPort): device not open
09:36:27.726QIODevice::write (QSerialPort): device not open
09:36:27.886QIODevice::write (QSerialPort): device not open
09:36:27.966QIODevice::write (QSerialPort): device not open
09:36:28.078QIODevice::write (QSerialPort): device not open
09:36:28.238QIODevice::write (QSerialPort): device not open
09:36:28.390QIODevice::write (QSerialPort): device not open
09:36:28.441QIODevice::write (QSerialPort): device not open
09:36:28.542QIODevice::write (QSerialPort): device not open
09:36:28.694QIODevice::write (QSerialPort): device not open
09:36:28.846QIODevice::write (QSerialPort): device not open
09:36:28.931QIODevice::write (QSerialPort): device not open
09:36:29.006QIODevice::write (QSerialPort): device not open
09:36:29.166QIODevice::write (QSerialPort): device not open
09:36:29.325QIODevice::write (QSerialPort): device not open
09:36:29.430QIODevice::write (QSerialPort): device not open
09:36:29.470QIODevice::write (QSerialPort): device not open
09:36:29.630QIODevice::write (QSerialPort): device not open
09:36:29.790QIODevice::write (QSerialPort): device not open
09:36:29.930QIODevice::write (QSerialPort): device not open
09:36:29.966QIODevice::write (QSerialPort): device not open
09:36:30.166QIODevice::write (QSerialPort): device not open
09:36:30.343QIODevice::write (QSerialPort): device not open
09:36:30.430QIODevice::write (QSerialPort): device not open
09:36:30.494QIODevice::write (QSerialPort): device not open
09:36:30.931QIODevice::write (QSerialPort): device not open
09:36:31.431QIODevice::write (QSerialPort): device not open
09:36:31.931QIODevice::write (QSerialPort): device not open
09:36:32.430QIODevice::write (QSerialPort): device not open
09:36:32.931QIODevice::write (QSerialPort): device not open
09:36:33.431QIODevice::write (QSerialPort): device not open
09:36:33.930QIODevice::write (QSerialPort): device not open
09:36:34.431QIODevice::write (QSerialPort): device not open
09:36:34.678QIODevice::write (QSerialPort): device not open
09:36:34.830QIODevice::write (QSerialPort): device not open
09:36:34.930QIODevice::write (QSerialPort): device not open
09:36:34.990QIODevice::write (QSerialPort): device not open
09:36:35.110QIODevice::write (QSerialPort): device not open
09:36:35.430QIODevice::write (QSerialPort): device not open
09:36:35.930QIODevice::write (QSerialPort): device not open
09:36:36.431QIODevice::write (QSerialPort): device not open
09:36:36.930QIODevice::write (QSerialPort): device not open
09:36:36.965QIODevice::write (QSerialPort): device not open
09:36:37.182QIODevice::write (QSerialPort): device not open
09:36:37.430QIODevice::write (QSerialPort): device not open
09:36:37.445QIODevice::write (QSerialPort): device not open
09:36:37.605QIODevice::write (QSerialPort): device not open
09:36:37.773QIODevice::write (QSerialPort): device not open
09:36:37.925QIODevice::write (QSerialPort): device not open
09:36:37.930QIODevice::write (QSerialPort): device not open
09:36:38.071QIODevice::write (QSerialPort): device not open
09:36:38.397QIODevice::write (QSerialPort): device not open
09:36:38.430QIODevice::write (QSerialPort): device not open
09:36:38.551QIODevice::write (QSerialPort): device not open
09:36:38.711QIODevice::write (QSerialPort): device not open
09:36:38.863QIODevice::write (QSerialPort): device not open
09:36:38.930QIODevice::write (QSerialPort): device not open
09:36:39.037QIODevice::write (QSerialPort): device not open
09:36:39.359QIODevice::write (QSerialPort): device not open
09:36:39.430QIODevice::write (QSerialPort): device not open
09:36:39.533QIODevice::write (QSerialPort): device not open
09:36:39.685QIODevice::write (QSerialPort): device not open
09:36:39.847QIODevice::write (QSerialPort): device not open
09:36:39.930QIODevice::write (QSerialPort): device not open
09:36:40.021QIODevice::write (QSerialPort): device not open
09:36:40.327QIODevice::write (QSerialPort): device not open
09:36:40.430QIODevice::write (QSerialPort): device not open
09:36:40.478QIODevice::write (QSerialPort): device not open
09:36:40.637QIODevice::write (QSerialPort): device not open
09:36:40.791QIODevice::write (QSerialPort): device not open
09:36:40.930QIODevice::write (QSerialPort): device not open
09:36:41.117QIODevice::write (QSerialPort): device not open
09:36:41.293QIODevice::write (QSerialPort): device not open
09:36:41.430QIODevice::write (QSerialPort): device not open
09:36:41.453QIODevice::write (QSerialPort): device not open
09:36:41.614QIODevice::write (QSerialPort): device not open
09:36:41.773QIODevice::write (QSerialPort): device not open
09:36:41.930QIODevice::write (QSerialPort): device not open
09:36:42.117QIODevice::write (QSerialPort): device not open
09:36:42.269QIODevice::write (QSerialPort): device not open
09:36:42.422QIODevice::write (QSerialPort): device not open
09:36:42.430QIODevice::write (QSerialPort): device not open
09:36:42.574QIODevice::write (QSerialPort): device not open
09:36:42.710QIODevice::write (QSerialPort): device not open
09:36:42.877QIODevice::write (QSerialPort): device not open
09:36:42.930QIODevice::write (QSerialPort): device not open
09:36:43.389QIODevice::write (QSerialPort): device not open
09:36:43.431QIODevice::write (QSerialPort): device not open
09:36:43.526QIODevice::write (QSerialPort): device not open
09:36:43.685QIODevice::write (QSerialPort): device not open
09:36:43.845QIODevice::write (QSerialPort): device not open
09:36:43.930QIODevice::write (QSerialPort): device not open
09:36:44.253QIODevice::write (QSerialPort): device not open
09:36:44.405QIODevice::write (QSerialPort): device not open
09:36:44.430QIODevice::write (QSerialPort): device not open
09:36:44.573QIODevice::write (QSerialPort): device not open
09:36:44.930QIODevice::write (QSerialPort): device not open
09:36:44.981QIODevice::write (QSerialPort): device not open
09:36:45.141QIODevice::write (QSerialPort): device not open
09:36:45.301QIODevice::write (QSerialPort): device not open
09:36:45.431QIODevice::write (QSerialPort): device not open
09:36:45.468QIODevice::write (QSerialPort): device not open
09:36:45.613QIODevice::write (QSerialPort): device not open
09:36:45.931QIODevice::write (QSerialPort): device not open
09:36:46.301QIODevice::write (QSerialPort): device not open
09:36:46.431QIODevice::write (QSerialPort): device not open
09:36:46.460QIODevice::write (QSerialPort): device not open
09:36:46.621QIODevice::write (QSerialPort): device not open
09:36:46.775QIODevice::write (QSerialPort): device not open
09:36:46.930QIODevice::write (QSerialPort): device not open
09:36:46.948QIODevice::write (QSerialPort): device not open
09:36:47.117QIODevice::write (QSerialPort): device not open
09:36:47.269QIODevice::write (QSerialPort): device not open
09:36:47.430QIODevice::write (QSerialPort): device not open
09:36:47.436QIODevice::write (QSerialPort): device not open
09:36:47.910QIODevice::write (QSerialPort): device not open
09:36:47.929QIODevice::write (QSerialPort): device not open
09:36:48.078QIODevice::write (QSerialPort): device not open
09:36:48.431QIODevice::write (QSerialPort): device not open
09:36:48.597QIODevice::write (QSerialPort): device not open
09:36:48.765QIODevice::write (QSerialPort): device not open
09:36:48.930QIODevice::write (QSerialPort): device not open
09:36:48.934QIODevice::write (QSerialPort): device not open
09:36:49.109QIODevice::write (QSerialPort): device not open
09:36:49.277QIODevice::write (QSerialPort): device not open
09:36:49.430QIODevice::write (QSerialPort): device not open
09:36:49.443QIODevice::write (QSerialPort): device not open
09:36:49.797QIODevice::write (QSerialPort): device not open
09:36:49.930QIODevice::write (QSerialPort): device not open
09:36:49.964QIODevice::write (QSerialPort): device not open
09:36:50.141QIODevice::write (QSerialPort): device not open
09:36:50.301QIODevice::write (QSerialPort): device not open
09:36:50.430QIODevice::write (QSerialPort): device not open
09:36:50.806QIODevice::write (QSerialPort): device not open
09:36:50.931QIODevice::write (QSerialPort): device not open
09:36:50.981QIODevice::write (QSerialPort): device not open
09:36:51.149QIODevice::write (QSerialPort): device not open
09:36:51.294QIODevice::write (QSerialPort): device not open
09:36:51.431QIODevice::write (QSerialPort): device not open
09:36:51.454QIODevice::write (QSerialPort): device not open
09:36:51.620QIODevice::write (QSerialPort): device not open
09:36:51.780QIODevice::write (QSerialPort): device not open
09:36:51.930QIODevice::write (QSerialPort): device not open
09:36:51.947QIODevice::write (QSerialPort): device not open
09:36:52.116QIODevice::write (QSerialPort): device not open
09:36:52.285QIODevice::write (QSerialPort): device not open
09:36:52.430QIODevice::write (QSerialPort): device not open
09:36:52.451QIODevice::write (QSerialPort): device not open
09:36:52.628QIODevice::write (QSerialPort): device not open
09:36:52.788QIODevice::write (QSerialPort): device not open
09:36:52.930QIODevice::write (QSerialPort): device not open
09:36:52.964QIODevice::write (QSerialPort): device not open
09:36:53.132QIODevice::write (QSerialPort): device not open
09:36:53.293QIODevice::write (QSerialPort): device not open
09:36:53.430QIODevice::write (QSerialPort): device not open
09:36:53.460QIODevice::write (QSerialPort): device not open
09:36:53.636QIODevice::write (QSerialPort): device not open
09:36:53.798QIODevice::write (QSerialPort): device not open
09:36:53.930QIODevice::write (QSerialPort): device not open
09:36:54.430QIODevice::write (QSerialPort): device not open
09:36:54.930QIODevice::write (QSerialPort): device not open
09:36:55.431QIODevice::write (QSerialPort): device not open
09:36:55.930QIODevice::write (QSerialPort): device not open
09:36:56.431QIODevice::write (QSerialPort): device not open
09:36:56.673|I|2| --------- Sistema Desligando --------- 
10:42:52.081|I|| --------- Sistema Inicializando --------- 
10:42:52.082QIODevice::write (QSerialPort): device not open
10:42:52.082|E||Porta serial ttyUSB0 indisponivel para uso
10:42:52.087libpng warning: iCCP: known incorrect sRGB profile
10:42:52.163libpng warning: iCCP: known incorrect sRGB profile
10:42:55.820|I|2| --------- Sistema Desligando --------- 
